{"message":"Bookmark with id 49ef957f-9966-4336-a7b4-2956bb0409fc created","level":"info"}
{"message":"Bookmark with 1 not found","level":"error"}
{"message":"Bookmark with 1 not found","level":"error"}
{"message":"Bookmark with id 1 not found","level":"error"}
{"message":"Bookmark 1 deleted","level":"info"}
{"message":"Bookmark with id 1 not found","level":"error"}
{"message":"Bookmark 1 deleted","level":"info"}
{"message":"Bookmark with id 1 not found","level":"error"}
{"message":"Bookmark with id 1 not found","level":"error"}
{"message":"Bookmark with id 1 not found","level":"error"}
{"message":"Bookmark 1 deleted","level":"info"}
{"message":"Bookmark 1 deleted","level":"info"}
{"message":"Unauthorized request to path: / ","level":"error"}
{"message":"Unauthorized request to path: / ","level":"error"}
{"message":"Unauthorized request to path: / ","level":"error"}
{"message":"Unauthorized request to path: / ","level":"error"}
{"message":"Unauthorized request to path: /bookmark/2 ","level":"error"}
{"message":"Bookmark with id 2 not found","level":"error"}
{"message":"Bookmark with id 1 not found","level":"error"}
{"message":"Bookmark with id 1 not found","level":"error"}
{"message":"Bookmark with id 1 not found","level":"error"}
{"message":"Description is required","level":"error"}
{"message":"Description is required","level":"error"}
{"message":"Description is required","level":"error"}
